\BOOKMARK [0][-]{chapter.0}{Grundlagen und Ziele der Katholischen jungen Gemeinde}{}% 1
\BOOKMARK [0][-]{chapter.1}{KjG in der Pfarrgemeinde/Ortsgruppe}{}% 2
\BOOKMARK [1][-]{section.1.1}{Mitglieder}{chapter.1}% 3
\BOOKMARK [1][-]{section.1.2}{Die Pfarrgemeinschaft}{chapter.1}% 4
\BOOKMARK [1][-]{section.1.3}{Die Organe der KjG Pfarrgemeinschaft}{chapter.1}% 5
\BOOKMARK [2][-]{subsection.1.3.1}{Die Mitgliederversammlung}{section.1.3}% 6
\BOOKMARK [2][-]{subsection.1.3.2}{Die Pfarrleitung}{section.1.3}% 7
\BOOKMARK [2][-]{subsection.1.3.3}{Das Orga-Team}{section.1.3}% 8
\BOOKMARK [2][-]{subsection.1.3.4}{Die P\344dagogische Leitungsrunde}{section.1.3}% 9
\BOOKMARK [2][-]{subsection.1.3.5}{Der Kindersenat}{section.1.3}% 10
\BOOKMARK [0][-]{chapter.2}{KjG auf mittlerer Ebene}{}% 11
\BOOKMARK [1][-]{section.2.1}{KjG Arbeitsgemeinschaften}{chapter.2}% 12
\BOOKMARK [0][-]{chapter.3}{KjG in der Di\366zese}{}% 13
\BOOKMARK [1][-]{section.3.1}{Gemeinn\374tzigkeit}{chapter.3}% 14
\BOOKMARK [1][-]{section.3.2}{Die Organe des Di\366zesanverbandes}{chapter.3}% 15
\BOOKMARK [2][-]{subsection.3.2.1}{Die Di\366zesankonferenz}{section.3.2}% 16
\BOOKMARK [2][-]{subsection.3.2.2}{Der Di\366zesanausschuss}{section.3.2}% 17
\BOOKMARK [2][-]{subsection.3.2.3}{Die Di\366zesanleitung}{section.3.2}% 18
\BOOKMARK [1][-]{section.3.3}{Aufl\366sung des Di\366zesanverbandes}{chapter.3}% 19
\BOOKMARK [-1][-]{part*.8}{Anh\344nge}{}% 20
\BOOKMARK [0][-]{chapter*.9}{Gesch\344ftsordnung der Di\366zesankonferenz}{part*.8}% 21
\BOOKMARK [0][-]{chapter*.18}{Gesch\344ftsordnung der Mitgliederversammlung}{part*.8}% 22
