\BOOKMARK [0][-]{chapter.0}{Grundlagen und Ziele der Katholischen jungen Gemeinde}{}% 1
\BOOKMARK [0][-]{chapter.1}{KjG in der Pfarrgemeinde/Ortsgruppe}{}% 2
\BOOKMARK [1][-]{section.1.1}{Mitglieder}{chapter.1}% 3
\BOOKMARK [2][-]{subsection.1.1.1}{Aktive Mitglieder}{section.1.1}% 4
\BOOKMARK [2][-]{subsection.1.1.2}{Passive Mitglieder}{section.1.1}% 5
\BOOKMARK [1][-]{section.1.2}{Die Pfarrgemeinschaft}{chapter.1}% 6
\BOOKMARK [2][-]{subsection.1.2.1}{Satzung der Pfarrgemeinschaft}{section.1.2}% 7
\BOOKMARK [2][-]{subsection.1.2.2}{Ausschluss der Pfarrgemeinschaft}{section.1.2}% 8
\BOOKMARK [2][-]{subsection.1.2.3}{Aufl\366sung der Pfarrgemeinschaft}{section.1.2}% 9
\BOOKMARK [1][-]{section.1.3}{Die Organe der KjG Pfarrgemeinschaft}{chapter.1}% 10
\BOOKMARK [2][-]{subsection.1.3.1}{Die Mitgliederversammlung}{section.1.3}% 11
\BOOKMARK [2][-]{subsection.1.3.2}{Die Pfarrleitung}{section.1.3}% 12
\BOOKMARK [2][-]{subsection.1.3.3}{Das Orga-Team}{section.1.3}% 13
\BOOKMARK [2][-]{subsection.1.3.4}{Die P\344dagogische Leitungsrunde}{section.1.3}% 14
\BOOKMARK [2][-]{subsection.1.3.5}{Der Kindersenat}{section.1.3}% 15
\BOOKMARK [0][-]{chapter.2}{KjG auf mittlerer Ebene}{}% 16
\BOOKMARK [1][-]{section.2.1}{KjG Arbeitsgemeinschaften}{chapter.2}% 17
\BOOKMARK [1][-]{section.2.2}{KjG Bezirksverb\344nde}{chapter.2}% 18
\BOOKMARK [0][-]{chapter.3}{KjG in der Di\366zese}{}% 19
\BOOKMARK [1][-]{section.3.1}{Gemeinn\374tzigkeit}{chapter.3}% 20
\BOOKMARK [2][-]{subsection.3.1.1}{}{section.3.1}% 21
\BOOKMARK [2][-]{subsection.3.1.2}{}{section.3.1}% 22
\BOOKMARK [2][-]{subsection.3.1.3}{}{section.3.1}% 23
\BOOKMARK [2][-]{subsection.3.1.4}{}{section.3.1}% 24
\BOOKMARK [2][-]{subsection.3.1.5}{}{section.3.1}% 25
\BOOKMARK [2][-]{subsection.3.1.6}{}{section.3.1}% 26
\BOOKMARK [2][-]{subsection.3.1.7}{}{section.3.1}% 27
\BOOKMARK [1][-]{section.3.2}{Die Organe des Di\366zesanverbandes}{chapter.3}% 28
\BOOKMARK [2][-]{subsection.3.2.1}{Die Di\366zesankonferenz}{section.3.2}% 29
\BOOKMARK [2][-]{subsection.3.2.2}{Der Di\366zesanausschuss}{section.3.2}% 30
\BOOKMARK [2][-]{subsection.3.2.3}{Die Di\366zesanleitung}{section.3.2}% 31
\BOOKMARK [1][-]{section.3.3}{Aufl\366sung des Di\366zesanverbandes}{chapter.3}% 32
\BOOKMARK [0][-]{chapter.4}{Schlussbestimmungen}{}% 33
\BOOKMARK [-1][-]{part*.24}{Anh\344nge}{}% 34
\BOOKMARK [0][-]{chapter*.25}{Gesch\344ftsordnung der Di\366zesankonferenz}{part*.24}% 35
\BOOKMARK [0][-]{chapter*.50}{Gesch\344ftsordnung der Mitgliederversammlung}{part*.24}% 36
\BOOKMARK [0][-]{chapter*.72}{Vorgehensweise bei Verdacht auf sexualisierte Gewalt}{part*.24}% 37
